[14:35:54] [main/INFO]: Setting user: Player590
[14:36:01] [Client thread/INFO]: LWJGL Version: 2.9.1
[14:36:38] [Client thread/INFO]: Reloading ResourceManager: Default, FMLFileResourcePack:Forge Mod Loader, FMLFileResourcePack:Minecraft Forge, FMLFileResourcePack:Superheroes Addon, FMLFileResourcePack:FiskUtils, FMLFileResourcePack:Fisk's Superheroes
[14:36:49] [Sound Library Loader/INFO]: Sound engine started
[14:37:01] [Client thread/WARN]: File fiskheroes:sounds/item/battery/off.ogg does not exist, cannot add it to event fiskheroes:item.battery.off
[14:37:01] [Client thread/WARN]: File fiskheroes:sounds/item/battery/off.ogg does not exist, cannot add it to event fiskheroes:item.battery.off
[14:37:02] [Client thread/INFO]: Created: 16x16 textures/blocks-atlas
[14:37:02] [Client thread/INFO]: Created: 16x16 textures/items-atlas
[14:37:04] [Client thread/INFO]: Reloading ResourceManager: Default, FMLFileResourcePack:Forge Mod Loader, FMLFileResourcePack:Minecraft Forge, FMLFileResourcePack:Superheroes Addon, FMLFileResourcePack:FiskUtils, FMLFileResourcePack:Fisk's Superheroes
[14:37:06] [Client thread/INFO]: Created: 512x256 textures/blocks-atlas
[14:37:07] [Client thread/INFO]: Created: 512x256 textures/items-atlas
[14:37:08] [Sound Library Loader/INFO]: Sound engine started
[14:37:09] [Client thread/WARN]: File fiskheroes:sounds/item/battery/off.ogg does not exist, cannot add it to event fiskheroes:item.battery.off
[14:37:09] [Client thread/WARN]: File fiskheroes:sounds/item/battery/off.ogg does not exist, cannot add it to event fiskheroes:item.battery.off
[14:37:09] [Client thread/WARN]: Failed to load texture: superheroesaddon:textures/models/armor/ultron_lights.png
java.io.FileNotFoundException: superheroesaddon:textures/models/armor/ultron_lights.png
	at net.minecraft.client.resources.FallbackResourceManager.getResource(FallbackResourceManager.java:65) ~[FallbackResourceManager.class:?]
	at net.minecraft.client.resources.SimpleReloadableResourceManager.getResource(SimpleReloadableResourceManager.java:67) ~[SimpleReloadableResourceManager.class:?]
	at net.minecraft.client.renderer.texture.SimpleTexture.loadTexture(SimpleTexture.java:35) ~[SimpleTexture.class:?]
	at net.minecraft.client.renderer.texture.TextureManager.loadTexture(TextureManager.java:89) [TextureManager.class:?]
	at net.minecraft.client.renderer.texture.TextureManager.bindTexture(TextureManager.java:45) [TextureManager.class:?]
	at fiskfille.heroes.client.render.hero.HeroRenderer$ReloadListener.onResourceManagerReload(HeroRenderer.java:172) [HeroRenderer$ReloadListener.class:?]
	at net.minecraft.client.resources.SimpleReloadableResourceManager.notifyReloadListeners(SimpleReloadableResourceManager.java:143) [SimpleReloadableResourceManager.class:?]
	at net.minecraft.client.resources.SimpleReloadableResourceManager.reloadResources(SimpleReloadableResourceManager.java:121) [SimpleReloadableResourceManager.class:?]
	at net.minecraft.client.Minecraft.refreshResources(Minecraft.java:654) [Minecraft.class:?]
	at cpw.mods.fml.client.FMLClientHandler.finishMinecraftLoading(FMLClientHandler.java:327) [FMLClientHandler.class:?]
	at net.minecraft.client.Minecraft.startGame(Minecraft.java:597) [Minecraft.class:?]
	at net.minecraft.client.Minecraft.run(Minecraft.java:942) [Minecraft.class:?]
	at net.minecraft.client.main.Main.main(Main.java:164) [Main.class:?]
	at sun.reflect.NativeMethodAccessorImpl.invoke0(Native Method) ~[?:1.8.0_131]
	at sun.reflect.NativeMethodAccessorImpl.invoke(NativeMethodAccessorImpl.java:62) ~[?:1.8.0_131]
	at sun.reflect.DelegatingMethodAccessorImpl.invoke(DelegatingMethodAccessorImpl.java:43) ~[?:1.8.0_131]
	at java.lang.reflect.Method.invoke(Method.java:498) ~[?:1.8.0_131]
	at net.minecraft.launchwrapper.Launch.launch(Launch.java:135) [launchwrapper-1.12.jar:?]
	at net.minecraft.launchwrapper.Launch.main(Launch.java:28) [launchwrapper-1.12.jar:?]
	at net.minecraftforge.gradle.GradleStartCommon.launch(Unknown Source) [start/:?]
	at GradleStart.main(Unknown Source) [start/:?]
[14:38:03] [Server thread/INFO]: Starting integrated minecraft server version 1.7.10
[14:38:03] [Server thread/INFO]: Generating keypair
[14:38:04] [Server thread/INFO]: Preparing start region for level 0
[14:38:05] [Server thread/INFO]: Preparing spawn area: 4%
[14:38:07] [Server thread/INFO]: Changing view distance to 5, from 10
[14:38:08] [Server thread/INFO]: Player590[local:E:16f742cd] logged in with entity id 284 at (-1304.3196059853233, 4.0, 63.550784645207216)
[14:38:08] [Server thread/INFO]: Player590 joined the game
[14:38:09] [pool-2-thread-1/WARN]: Couldn't look up profile properties for com.mojang.authlib.GameProfile@7e159e9c[id=a7d84b43-620c-3be0-bbc6-d96e040e37ab,name=Player590,properties={},legacy=false]
com.mojang.authlib.exceptions.AuthenticationUnavailableException: Cannot contact authentication server
	at com.mojang.authlib.yggdrasil.YggdrasilAuthenticationService.makeRequest(YggdrasilAuthenticationService.java:71) ~[YggdrasilAuthenticationService.class:?]
	at com.mojang.authlib.yggdrasil.YggdrasilMinecraftSessionService.fillGameProfile(YggdrasilMinecraftSessionService.java:158) [YggdrasilMinecraftSessionService.class:?]
	at com.mojang.authlib.yggdrasil.YggdrasilMinecraftSessionService$1.load(YggdrasilMinecraftSessionService.java:53) [YggdrasilMinecraftSessionService$1.class:?]
	at com.mojang.authlib.yggdrasil.YggdrasilMinecraftSessionService$1.load(YggdrasilMinecraftSessionService.java:50) [YggdrasilMinecraftSessionService$1.class:?]
	at com.google.common.cache.LocalCache$LoadingValueReference.loadFuture(LocalCache.java:3524) [guava-17.0.jar:?]
	at com.google.common.cache.LocalCache$Segment.loadSync(LocalCache.java:2317) [guava-17.0.jar:?]
	at com.google.common.cache.LocalCache$Segment.lockedGetOrLoad(LocalCache.java:2280) [guava-17.0.jar:?]
	at com.google.common.cache.LocalCache$Segment.get(LocalCache.java:2195) [guava-17.0.jar:?]
	at com.google.common.cache.LocalCache.get(LocalCache.java:3934) [guava-17.0.jar:?]
	at com.google.common.cache.LocalCache.getOrLoad(LocalCache.java:3938) [guava-17.0.jar:?]
	at com.google.common.cache.LocalCache$LocalLoadingCache.get(LocalCache.java:4821) [guava-17.0.jar:?]
	at com.google.common.cache.LocalCache$LocalLoadingCache.getUnchecked(LocalCache.java:4827) [guava-17.0.jar:?]
	at com.mojang.authlib.yggdrasil.YggdrasilMinecraftSessionService.fillProfileProperties(YggdrasilMinecraftSessionService.java:148) [YggdrasilMinecraftSessionService.class:?]
	at net.minecraft.client.resources.SkinManager$3.run(SkinManager.java:133) [SkinManager$3.class:?]
	at java.util.concurrent.Executors$RunnableAdapter.call(Executors.java:511) [?:1.8.0_131]
	at java.util.concurrent.FutureTask.run(FutureTask.java:266) [?:1.8.0_131]
	at java.util.concurrent.ThreadPoolExecutor.runWorker(ThreadPoolExecutor.java:1142) [?:1.8.0_131]
	at java.util.concurrent.ThreadPoolExecutor$Worker.run(ThreadPoolExecutor.java:617) [?:1.8.0_131]
	at java.lang.Thread.run(Thread.java:748) [?:1.8.0_131]
Caused by: java.net.UnknownHostException: sessionserver.mojang.com
	at java.net.AbstractPlainSocketImpl.connect(AbstractPlainSocketImpl.java:184) ~[?:1.8.0_131]
	at java.net.PlainSocketImpl.connect(PlainSocketImpl.java:172) ~[?:1.8.0_131]
	at java.net.SocksSocketImpl.connect(SocksSocketImpl.java:392) ~[?:1.8.0_131]
	at java.net.Socket.connect(Socket.java:589) ~[?:1.8.0_131]
	at sun.security.ssl.SSLSocketImpl.connect(SSLSocketImpl.java:668) ~[?:1.8.0_131]
	at sun.net.NetworkClient.doConnect(NetworkClient.java:175) ~[?:1.8.0_131]
	at sun.net.www.http.HttpClient.openServer(HttpClient.java:463) ~[?:1.8.0_131]
	at sun.net.www.http.HttpClient.openServer(HttpClient.java:558) ~[?:1.8.0_131]
	at sun.net.www.protocol.https.HttpsClient.<init>(HttpsClient.java:264) ~[?:1.8.0_131]
	at sun.net.www.protocol.https.HttpsClient.New(HttpsClient.java:367) ~[?:1.8.0_131]
	at sun.net.www.protocol.https.AbstractDelegateHttpsURLConnection.getNewHttpClient(AbstractDelegateHttpsURLConnection.java:191) ~[?:1.8.0_131]
	at sun.net.www.protocol.http.HttpURLConnection.plainConnect0(HttpURLConnection.java:1181) ~[?:1.8.0_131]
	at sun.net.www.protocol.http.HttpURLConnection$6.run(HttpURLConnection.java:1022) ~[?:1.8.0_131]
	at sun.net.www.protocol.http.HttpURLConnection$6.run(HttpURLConnection.java:1020) ~[?:1.8.0_131]
	at java.security.AccessController.doPrivileged(Native Method) ~[?:1.8.0_131]
	at java.security.AccessController.doPrivilegedWithCombiner(AccessController.java:782) ~[?:1.8.0_131]
	at sun.net.www.protocol.http.HttpURLConnection.plainConnect(HttpURLConnection.java:1019) ~[?:1.8.0_131]
	at sun.net.www.protocol.https.AbstractDelegateHttpsURLConnection.connect(AbstractDelegateHttpsURLConnection.java:177) ~[?:1.8.0_131]
	at sun.net.www.protocol.http.HttpURLConnection.getInputStream0(HttpURLConnection.java:1546) ~[?:1.8.0_131]
	at sun.net.www.protocol.http.HttpURLConnection.access$200(HttpURLConnection.java:91) ~[?:1.8.0_131]
	at sun.net.www.protocol.http.HttpURLConnection$9.run(HttpURLConnection.java:1466) ~[?:1.8.0_131]
	at sun.net.www.protocol.http.HttpURLConnection$9.run(HttpURLConnection.java:1464) ~[?:1.8.0_131]
	at java.security.AccessController.doPrivileged(Native Method) ~[?:1.8.0_131]
	at java.security.AccessController.doPrivilegedWithCombiner(AccessController.java:782) ~[?:1.8.0_131]
	at sun.net.www.protocol.http.HttpURLConnection.getInputStream(HttpURLConnection.java:1463) ~[?:1.8.0_131]
	at sun.net.www.protocol.https.HttpsURLConnectionImpl.getInputStream(HttpsURLConnectionImpl.java:254) ~[?:1.8.0_131]
	at com.mojang.authlib.HttpAuthenticationService.performGetRequest(HttpAuthenticationService.java:126) ~[HttpAuthenticationService.class:?]
	at com.mojang.authlib.yggdrasil.YggdrasilAuthenticationService.makeRequest(YggdrasilAuthenticationService.java:54) ~[YggdrasilAuthenticationService.class:?]
	... 18 more
[14:38:11] [Server thread/INFO]: Saving and pausing game...
[14:38:11] [Server thread/INFO]: Saving chunks for level 'New World'/Overworld
[14:38:11] [Server thread/INFO]: Saving chunks for level 'New World'/Nether
[14:38:11] [Server thread/INFO]: Saving chunks for level 'New World'/The End
[14:38:11] [Server thread/INFO]: Saving chunks for level 'New World'/Quantum Realm
[14:38:11] [Server thread/WARN]: Can't keep up! Did the system time change, or is the server overloaded? Running 2984ms behind, skipping 59 tick(s)
[14:39:03] [Server thread/WARN]: Can't keep up! Did the system time change, or is the server overloaded? Running 3773ms behind, skipping 75 tick(s)
[14:39:54] [Server thread/INFO]: <Player590> m
[14:39:54] [Client thread/INFO]: [CHAT] <Player590> m
[14:42:58] [Server thread/INFO]: Saving and pausing game...
[14:42:58] [Server thread/INFO]: Saving chunks for level 'New World'/Overworld
[14:42:58] [Server thread/INFO]: Saving chunks for level 'New World'/Nether
[14:42:58] [Server thread/INFO]: Saving chunks for level 'New World'/The End
[14:42:58] [Server thread/INFO]: Saving chunks for level 'New World'/Quantum Realm
[14:43:02] [Server thread/INFO]: Saving and pausing game...
[14:43:02] [Server thread/INFO]: Saving chunks for level 'New World'/Overworld
[14:43:02] [Server thread/INFO]: Saving chunks for level 'New World'/Nether
[14:43:02] [Server thread/INFO]: Saving chunks for level 'New World'/The End
[14:43:02] [Server thread/INFO]: Saving chunks for level 'New World'/Quantum Realm
[14:43:06] [Server thread/INFO]: Saving and pausing game...
[14:43:06] [Server thread/INFO]: Saving chunks for level 'New World'/Overworld
[14:43:06] [Server thread/INFO]: Saving chunks for level 'New World'/Nether
[14:43:06] [Server thread/INFO]: Saving chunks for level 'New World'/The End
[14:43:06] [Server thread/INFO]: Saving chunks for level 'New World'/Quantum Realm
[14:43:50] [Server thread/INFO]: Saving and pausing game...
[14:43:50] [Server thread/INFO]: Saving chunks for level 'New World'/Overworld
[14:43:50] [Server thread/INFO]: Saving chunks for level 'New World'/Nether
[14:43:50] [Server thread/INFO]: Saving chunks for level 'New World'/The End
[14:43:50] [Server thread/INFO]: Saving chunks for level 'New World'/Quantum Realm
[14:53:06] [Server thread/INFO]: Player590 has just earned the achievement [Taking Inventory]
[14:53:06] [Client thread/INFO]: [CHAT] Player590 has just earned the achievement [Taking Inventory]
[14:53:21] [Server thread/INFO]: [Player590: Set own game mode to Survival Mode]
[14:53:21] [Client thread/INFO]: [CHAT] Your game mode has been updated
[14:53:32] [Server thread/INFO]: [Player590: Set own game mode to Creative Mode]
[14:53:32] [Client thread/INFO]: [CHAT] Your game mode has been updated
[14:53:39] [Server thread/INFO]: [Player590: Set own game mode to Survival Mode]
[14:53:39] [Client thread/INFO]: [CHAT] Your game mode has been updated
[14:53:45] [Server thread/INFO]: [Player590: Cleared the inventory of Player590, removing 8 items]
[14:53:45] [Client thread/INFO]: [CHAT] Cleared the inventory of Player590, removing 8 items
[14:53:47] [Server thread/INFO]: [Player590: Set own game mode to Creative Mode]
[14:53:47] [Client thread/INFO]: [CHAT] Your game mode has been updated
[14:53:58] [Server thread/INFO]: Saving and pausing game...
[14:53:58] [Server thread/INFO]: Saving chunks for level 'New World'/Overworld
[14:53:58] [Server thread/INFO]: Saving chunks for level 'New World'/Nether
[14:53:58] [Server thread/INFO]: Saving chunks for level 'New World'/The End
[14:53:58] [Server thread/INFO]: Saving chunks for level 'New World'/Quantum Realm
[14:54:09] [Server thread/INFO]: Saving and pausing game...
[14:54:09] [Server thread/INFO]: Saving chunks for level 'New World'/Overworld
[14:54:09] [Server thread/INFO]: Saving chunks for level 'New World'/Nether
[14:54:09] [Server thread/INFO]: Saving chunks for level 'New World'/The End
[14:54:09] [Server thread/INFO]: Saving chunks for level 'New World'/Quantum Realm
[14:54:10] [Server thread/INFO]: Stopping server
[14:54:10] [Server thread/INFO]: Saving players
[14:54:10] [Server thread/INFO]: Saving worlds
[14:54:10] [Server thread/INFO]: Saving chunks for level 'New World'/Overworld
[14:54:10] [Server thread/INFO]: Saving chunks for level 'New World'/Nether
[14:54:10] [Server thread/INFO]: Saving chunks for level 'New World'/The End
[14:54:10] [Server thread/INFO]: Saving chunks for level 'New World'/Quantum Realm
[14:54:37] [Client thread/INFO]: Deleting level New World
[14:54:37] [Client thread/INFO]: Attempt 1...
[14:54:45] [Server thread/INFO]: Starting integrated minecraft server version 1.7.10
[14:54:45] [Server thread/INFO]: Generating keypair
[14:54:45] [Server thread/INFO]: Converting map!
[14:54:45] [Server thread/INFO]: Scanning folders...
[14:54:45] [Server thread/INFO]: Total conversion count is 0
[14:54:46] [Server thread/INFO]: Preparing start region for level 0
[14:54:47] [Server thread/INFO]: Changing view distance to 5, from 10
[14:54:47] [Server thread/INFO]: Player590[local:E:7d59732e] logged in with entity id 3831839 at (18.5, 4.0, -197.5)
[14:54:47] [Server thread/INFO]: Player590 joined the game
[14:54:49] [Server thread/INFO]: Saving and pausing game...
[14:54:49] [Server thread/INFO]: Saving chunks for level 'New World'/Overworld
[14:54:49] [Server thread/INFO]: Saving chunks for level 'New World'/Nether
[14:54:49] [Server thread/INFO]: Saving chunks for level 'New World'/The End
[14:54:49] [Server thread/INFO]: Saving chunks for level 'New World'/Quantum Realm
[14:54:51] [Server thread/INFO]: Player590 has just earned the achievement [Taking Inventory]
[14:54:51] [Client thread/INFO]: [CHAT] Player590 has just earned the achievement [Taking Inventory]
[14:55:12] [Server thread/INFO]: [Player590: Given suit Chronos to Player590]
[14:55:12] [Client thread/INFO]: [CHAT] Given suit Chronos to Player590
[14:56:48] [Client thread/INFO]: [CHAT] /give <player> <item> [amount] [data] [dataTag]
[14:56:58] [Client thread/INFO]: [CHAT] fiskheroes:arrows_hood, fiskheroes:martian_manhunter_comics_head, fiskheroes:chronos_boots, fiskheroes:the_rivals_boots, fiskheroes:martian_manhunters_torso, fiskheroes:iron_mans_helmet, fiskheroes:the_flash_hunters_chestpiece, fiskheroes:cyclops_goggles, fiskheroes:heatwaves_boots, fiskheroes:prometheus_chestpiece, fiskheroes:chronos_leggings, fiskheroes:heat_gun, fiskheroes:the_flash_jays_boots, fiskheroes:zooms_mask, fiskheroes:trajectorys_pants, fiskheroes:kid_flashs_mask, fiskheroes:trajectorys_mask, fiskheroes:martian_manhunters_boots, fiskheroes:winter_soldiers_cowl, fiskheroes:tutridium_block, fiskheroes:killer_frosts_jacket, fiskheroes:captain_americas_boots, fiskheroes:heatwaves_jacket, fiskheroes:the_flash_hunters_boots, fiskheroes:senor_cactus_hat, fiskheroes:prometheus_pants, fiskheroes:black_panthers_helmet, fiskheroes:atom_smashers_boots, fiskheroes:black_canarys_chestpiece, fiskheroes:tutridium_ore, fiskheroes:deadpool_xmens_pants, fiskheroes:dark_archers_hood, fiskheroes:firestorm_jaxs_boots, fiskheroes:tachyon_prototype, fiskheroes:chronos_rifle, fiskheroes:the_flash_jays_chestpiece, fiskheroes:suit_fabricator, fiskheroes:prometheus_hood, fiskheroes:geomancers_pants, fiskheroes:falcons_pants, fiskheroes:martian_manhunter_comics_legs, fiskheroes:spodermens_boots, fiskheroes:gun_base, fiskheroes:cyclops_chestplate, fiskheroes:atoms_helmet, fiskheroes:green_arrows_pants, fiskheroes:atoms_boots, fiskheroes:spidermans_mask, fiskheroes:colossus_xmens_boots, fiskheroes:spidermans_boots, fiskheroes:compound_bow, fiskheroes:spidermans_leggings, fiskheroes:captain_colds_goggles, fiskheroes:falcons_chestpiece, fiskheroes:trajectorys_chestpiece, fiskheroes:grappling_gun, fiskheroes:treadmill, fiskheroes:flash_emblem, fiskheroes:black_panthers_boots, fiskheroes:rip_hunters_pants, fiskheroes:killer_frosts_boots, fiskheroes:the_flashs_pants, fiskheroes:captain_colds_pants, fiskheroes:atom_smashers_helmet, fiskheroes:zooms_boots, fiskheroes:firestorms_pants, fiskheroes:accelerated_mans_pants, fiskheroes:the_rivals_mask, fiskheroes:subatomic_battery, fiskheroes:trick_arrow, fiskheroes:chronos_chestplate, fiskheroes:zooms_chestpiece, fiskheroes:the_rivals_pants, fiskheroes:deadpool_xmens_mask, fiskheroes:atoms_leggings, fiskheroes:arrows_boots, fiskheroes:heatwaves_pants, fiskheroes:firestorms_shoes, fiskheroes:the_flash_jays_pants, fiskheroes:ant_mans_boots, fiskheroes:kid_flashs_boots, fiskheroes:spodermens_mask, fiskheroes:supermans_boots, fiskheroes:vibranium_disc, fiskheroes:dark_archers_boots, fiskheroes:subatomic_particle_core, fiskheroes:dark_archers_robes, fiskheroes:winter_soldiers_boots, fiskheroes:captain_americas_pants, fiskheroes:firestorms_jacket, fiskheroes:deadpools_swords, fiskheroes:reverse_flashs_boots, fiskheroes:the_flash_hunters_pants, fiskheroes:geomancers_goggles, fiskheroes:frosted_ice, fiskheroes:rifle_base, fiskheroes:arsenals_hood, fiskheroes:display_stand, fiskheroes:supermans_leggings, fiskheroes:quicksilvers_leggings, fiskheroes:rip_hunters_trenchcoat, fiskheroes:arrows_chestpiece, fiskheroes:atom_smashers_pants, fiskheroes:black_flashs_boots, fiskheroes:martian_manhunters_head, fiskheroes:firestorm_jaxs_pants, fiskheroes:reverse_flashs_chestpiece, fiskheroes:the_flashs_mask, fiskheroes:display_stand_top, fiskheroes:kid_flashs_chestpiece, fiskheroes:vibranium_plate, fiskheroes:ultrons_leggings, fiskheroes:tachyonic_particle_shell, fiskheroes:black_panthers_chestpiece, fiskheroes:savitars_leggings, fiskheroes:the_flash_jays_helmet, fiskheroes:quicksilvers_torso, fiskheroes:atoms_chestplate, fiskheroes:accelerated_mans_chestpiece, fiskheroes:mini_atom_suit, fiskheroes:ice_layer, fiskheroes:the_flashs_boots, fiskheroes:black_panthers_pants, fiskheroes:killer_frosts_pants, fiskheroes:cyclops_leggings, fiskheroes:cyclops_boots, fiskheroes:reverse_flashs_mask, fiskheroes:colossus_xmens_torso, fiskheroes:zooms_pants, fiskheroes:black_canarys_pants, fiskheroes:black_canarys_tonfas, fiskheroes:quicksilvers_boots, fiskheroes:debug_book, fiskheroes:cold_gun, fiskheroes:prometheus_sword, fiskheroes:arsenals_chestpiece, fiskheroes:savitars_chestpiece, fiskheroes:batman_dceus_boots, fiskheroes:ant_mans_helmet, fiskheroes:black_flashs_chestpiece, fiskheroes:martian_manhunters_legs, fiskheroes:geomancers_chestpiece, fiskheroes:savitars_boots, fiskheroes:green_arrows_chestpiece, fiskheroes:arrows_pants, fiskheroes:savitars_helmet, fiskheroes:ant_mans_pants, fiskheroes:kid_flashs_pants, fiskheroes:flash_ring, fiskheroes:spodermens_chestpiece, fiskheroes:senor_cactus_boots, fiskheroes:senor_cactus_chestpiece, fiskheroes:the_rivals_chestpiece, fiskheroes:dark_archers_pants, fiskheroes:the_flash_hunters_helmet, fiskheroes:winter_soldiers_chestplate, fiskheroes:arsenals_boots, fiskheroes:captain_americas_shield, fiskheroes:reverse_flashs_pants, fiskheroes:subatomic_particle_shell, fiskheroes:iron_mans_chestplate, fiskheroes:trajectorys_boots, fiskheroes:tutridium_gem, fiskheroes:black_flashs_pants, fiskheroes:captain_americas_chestpiece, fiskheroes:iron_mans_boots, fiskheroes:rip_hunters_gun, fiskheroes:colossus_xmens_head, fiskheroes:velocity_nine, fiskheroes:prometheus_boots, fiskheroes:quiver, fiskheroes:vibranium_block, fiskheroes:heatwaves_goggles, fiskheroes:handle, fiskheroes:winter_soldiers_leggings, fiskheroes:firestorm_jaxs_chestpiece, fiskheroes:ant_mans_chestpiece, fiskheroes:deadpool_xmens_chestpiece, fiskheroes:chronos_helmet, fiskheroes:deadpool_xmens_boots, fiskheroes:ultrons_boots, fiskheroes:vibranium_ore, fiskheroes:the_flashs_chestpiece, fiskheroes:geomancers_boots, fiskheroes:black_canarys_boots, fiskheroes:falcons_boots, fiskheroes:falcons_goggles, fiskheroes:green_arrows_boots, fiskheroes:tachyonic_particle_core, fiskheroes:spodermens_pants, fiskheroes:ultrons_helmet, fiskheroes:killer_frosts_hair, fiskheroes:display_case, fiskheroes:batman_dceus_pants, fiskheroes:colossus_xmens_pants, fiskheroes:spidermans_chestpiece, fiskheroes:black_canarys_mask, fiskheroes:rip_hunters_boots, fiskheroes:black_flashs_mask, fiskheroes:tachyon_battery, fiskheroes:captain_colds_jacket, fiskheroes:martian_manhunter_comics_torso, fiskheroes:batman_dceus_cowl, fiskheroes:captain_colds_boots, fiskheroes:atom_smashers_chestpiece, fiskheroes:accelerated_mans_boots, fiskheroes:green_arrows_hood, fiskheroes:ultrons_chestplate, fiskheroes:supermans_chestpiece, fiskheroes:batman_dceus_chestpiece, fiskheroes:senor_cactus_pants, fiskheroes:accelerated_mans_mask, fiskheroes:captain_americas_helmet, fiskheroes:tachyon_device, fiskheroes:arsenals_pants, fiskheroes:metahuman_log, fiskheroes:iron_mans_leggings, fiskheroes:martian_manhunter_comics_boots, fiskheroes:katana_blade
[14:57:07] [Server thread/INFO]: [Player590: Given [S.T.A.R. Labs Metahuman Log] * 1 to Player590]
[14:57:07] [Client thread/INFO]: [CHAT] Given [S.T.A.R. Labs Metahuman Log] * 1 to Player590
[14:57:11] [Server thread/INFO]: [Player590: Given [Debug Book] * 1 to Player590]
[14:57:11] [Client thread/INFO]: [CHAT] Given [Debug Book] * 1 to Player590
[14:57:12] [Server thread/INFO]: Saving and pausing game...
[14:57:12] [Server thread/INFO]: Saving chunks for level 'New World'/Overworld
[14:57:12] [Server thread/INFO]: Saving chunks for level 'New World'/Nether
[14:57:12] [Server thread/INFO]: Saving chunks for level 'New World'/The End
[14:57:12] [Server thread/INFO]: Saving chunks for level 'New World'/Quantum Realm
[14:57:13] [Server thread/INFO]: Saving and pausing game...
[14:57:13] [Server thread/INFO]: Saving chunks for level 'New World'/Overworld
[14:57:13] [Server thread/INFO]: Saving chunks for level 'New World'/Nether
[14:57:13] [Server thread/INFO]: Saving chunks for level 'New World'/The End
[14:57:13] [Server thread/INFO]: Saving chunks for level 'New World'/Quantum Realm
[14:57:38] [Client thread/INFO]: [CHAT] superheroesaddon:reverse_flash_emblem, superheroesaddon:speed_dampener
[14:58:31] [Server thread/INFO]: Saving and pausing game...
[14:58:31] [Server thread/INFO]: Saving chunks for level 'New World'/Overworld
[14:58:31] [Server thread/INFO]: Saving chunks for level 'New World'/Nether
[14:58:31] [Server thread/INFO]: Saving chunks for level 'New World'/The End
[14:58:31] [Server thread/INFO]: Saving chunks for level 'New World'/Quantum Realm
[14:59:43] [Server thread/INFO]: Saving and pausing game...
[14:59:43] [Server thread/INFO]: Saving chunks for level 'New World'/Overworld
[14:59:43] [Server thread/INFO]: Saving chunks for level 'New World'/Nether
[14:59:43] [Server thread/INFO]: Saving chunks for level 'New World'/The End
[14:59:43] [Server thread/INFO]: Saving chunks for level 'New World'/Quantum Realm
[14:59:54] [Client thread/INFO]: [CHAT] Unknown command. Try /help for a list of commands
[14:59:58] [Server thread/INFO]: [Player590: Set own game mode to Survival Mode]
[14:59:58] [Client thread/INFO]: [CHAT] Your game mode has been updated
[15:00:07] [Client thread/WARN]: Unable to play unknown soundEvent: minecraft:mob.attack
[15:00:08] [Server thread/WARN]: Player590 moved wrongly!
[15:00:16] [Server thread/INFO]: [Player590: Cleared the inventory of Player590, removing 11 items]
[15:00:16] [Client thread/INFO]: [CHAT] Cleared the inventory of Player590, removing 11 items
[15:00:17] [Server thread/INFO]: [Player590: Set own game mode to Creative Mode]
[15:00:17] [Client thread/INFO]: [CHAT] Your game mode has been updated
